\BOOKMARK [1][-]{section.1}{\376\377\000L\000e\000c\000t\000u\000r\000e\000\040\000P\000D\000B\000\040\000e\000t\000\040\000g\000\351\000n\000\351\000r\000a\000t\000i\000o\000n\000\040\000d\000e\000s\000\040\000e\000x\000e\000m\000p\000l\000e\000s}{}% 1
\BOOKMARK [2][-]{subsection.1.1}{\376\377\000E\000x\000t\000r\000a\000c\000t\000i\000o\000n\000\040\000d\000u\000\040\000f\000i\000c\000h\000i\000e\000r\000\040\000P\000D\000B}{section.1}% 2
\BOOKMARK [2][-]{subsection.1.2}{\376\377\000G\000\351\000n\000e\000r\000e\000r\000\040\000l\000e\000s\000\040\000b\000r\000a\000n\000c\000h\000e\000s}{section.1}% 3
\BOOKMARK [2][-]{subsection.1.3}{\376\377\000M\000o\000d\000i\000f\000i\000e\000r\000\040\000l\000e\000s\000\040\000p\000r\000o\000t\000\351\000i\000n\000e\000s}{section.1}% 4
\BOOKMARK [2][-]{subsection.1.4}{\376\377\000A\000r\000b\000r\000e\000\040\000c\000o\000u\000v\000r\000a\000n\000t}{section.1}% 5
\BOOKMARK [2][-]{subsection.1.5}{\376\377\000G\000\351\000n\000\351\000r\000e\000r\000\040\000l\000e\000s\000\040\000g\000r\000a\000p\000h\000e\000s}{section.1}% 6
\BOOKMARK [2][-]{subsection.1.6}{\376\377\000E\000x\000e\000m\000p\000l\000e\000s\000\040\000p\000r\000o\000t\000\351\000i\000n\000e\000s}{section.1}% 7
\BOOKMARK [1][-]{section.2}{\376\377\000D\000\351\000f\000i\000n\000i\000t\000i\000o\000n\000\040\000d\000e\000s\000\040\000c\000l\000a\000s\000s\000e\000s}{}% 8
\BOOKMARK [2][-]{subsection.2.1}{\376\377\000B\000r\000a\000n\000c\000h\000e\000s}{section.2}% 9
\BOOKMARK [2][-]{subsection.2.2}{\376\377\000G\000r\000a\000p\000h\000e\000s}{section.2}% 10
\BOOKMARK [2][-]{subsection.2.3}{\376\377\000P\000r\000o\000t\000\351\000i\000n\000e\000s}{section.2}% 11
\BOOKMARK [1][-]{section.3}{\376\377\000I\000s\000o\000m\000o\000r\000p\000h\000i\000s\000m\000e\000\040\000e\000t\000\040\000s\000o\000u\000s\000-\000i\000s\000o\000m\000o\000r\000p\000h\000i\000s\000m\000e}{}% 12
\BOOKMARK [2][-]{subsection.3.1}{\376\377\000I\000s\000o\000m\000o\000r\000p\000h\000s\000i\000m\000e\000\040\000s\000u\000r\000\040\000l\000e\000s\000\040\000g\000r\000a\000p\000h\000e\000s}{section.3}% 13
\BOOKMARK [2][-]{subsection.3.2}{\376\377\000I\000s\000o\000m\000o\000r\000p\000h\000s\000i\000m\000e\000\040\000s\000u\000r\000\040\000l\000e\000s\000\040\000p\000r\000o\000t\000\351\000i\000n\000e\000s}{section.3}% 14
\BOOKMARK [2][-]{subsection.3.3}{\376\377\000S\000o\000u\000s\000-\000i\000s\000o\000m\000o\000r\000p\000h\000i\000s\000m\000e\000\040\000s\000u\000r\000\040\000l\000e\000s\000\040\000p\000r\000o\000t\000\351\000i\000n\000e\000s}{section.3}% 15
\BOOKMARK [2][-]{subsection.3.4}{\376\377\000I\000n\000f\000o\000r\000m\000a\000t\000i\000o\000n\000s\000\040\000e\000t\000\040\000t\000e\000m\000p\000s\000\040\000d\000'\000e\000x\000\351\000c\000u\000t\000i\000o\000n}{section.3}% 16
\BOOKMARK [1][-]{section.4}{\376\377\000F\000o\000n\000c\000t\000i\000o\000n\000s\000\040\000a\000u\000x\000i\000l\000i\000a\000i\000r\000e\000s}{}% 17
\BOOKMARK [1][-]{section.5}{\376\377\000C\000a\000l\000c\000u\000l\000\040\000d\000e\000s\000\040\000c\000o\000e\000f\000f\000i\000c\000i\000e\000n\000t\000s}{}% 18
\BOOKMARK [1][-]{section.6}{\376\377\000A\000f\000f\000i\000c\000h\000a\000g\000e}{}% 19
\BOOKMARK [2][-]{subsection.6.1}{\376\377\000G\000r\000a\000p\000h\000i\000q\000u\000e\000\040\000c\000o\000m\000p\000l\000e\000x\000i\000t\000\351}{section.6}% 20
\BOOKMARK [2][-]{subsection.6.2}{\376\377\000A\000f\000f\000i\000c\000h\000a\000g\000e\000\040\000b\000r\000a\000n\000c\000h\000e\000s}{section.6}% 21
\BOOKMARK [2][-]{subsection.6.3}{\376\377\000A\000f\000f\000i\000c\000h\000a\000g\000e\000\040\000p\000r\000o\000t\000\351\000i\000n\000e\000s}{section.6}% 22
\BOOKMARK [2][-]{subsection.6.4}{\376\377\000A\000f\000f\000i\000c\000h\000a\000g\000e\000\040\000c\000o\000m\000p\000a\000r\000a\000i\000s\000o\000n\000\040\000p\000r\000o\000t\000\351\000i\000n\000e\000s}{section.6}% 23
