This is LuaHBTeX, Version 1.15.0 (MiKTeX 22.3) (format=lualatex 2022.3.29)  16 JUN 2022 20:32
 restricted system commands enabled.
 file:line:error style messages enabled.
**"c:/Users/Adrien Dubois/Desktop/TIPE/1-Presentation/latex/rapport_ens/rapport
"

("c:/Users/Adrien Dubois/Desktop/TIPE/1-Presentation/latex/rapport_ens/rapport.
tex"
LaTeX2e <2021-11-15> patch level 1
Lua module: luaotfload 2022-02-27 3.20 Lua based OpenType font support
Lua module: lualibs 2021-05-20 2.74 ConTeXt Lua standard libraries.
Lua module: lualibs-extended 2021-05-20 2.74 ConTeXt Lua libraries -- extended c
ollection.
luaotfload | conf : Root cache directory is "C:/Users/Adrien Dubois/AppData/Loca
l/MiKTeX/luatex-cache/generic/names".
luaotfload | init : Loading fontloader "fontloader-2022-02-24.lua" from kpse-res
olved path "C:/Users/Adrien Dubois/AppData/Local/Programs/MiKTeX/tex/luatex/luao
tfload/fontloader-2022-02-24.lua".
Lua-only attribute luaotfload@noligature = 1
luaotfload | init : Context OpenType loader version 3.119
Inserting `luaotfload.node_processor' at position 1 in `pre_linebreak_filter'.
Inserting `luaotfload.node_processor' at position 1 in `hpack_filter'.
Inserting `luaotfload.glyph_stream' at position 1 in `glyph_stream_provider'.
Inserting `luaotfload.define_font' at position 1 in `define_font'.
Lua-only attribute luaotfload_color_attribute = 2
luaotfload | conf : Root cache directory is "C:/Users/Adrien Dubois/AppData/Loca
l/MiKTeX/luatex-cache/generic/names".
Inserting `luaotfload.harf.strip_prefix' at position 1 in `find_opentype_file'.
Inserting `luaotfload.harf.strip_prefix' at position 1 in `find_truetype_file'.
Removing  `luaotfload.glyph_stream' from `glyph_stream_provider'.
Inserting `luaotfload.harf.glyphstream' at position 1 in `glyph_stream_provider'
.
Inserting `luaotfload.harf.finalize_vlist' at position 1 in `post_linebreak_filt
er'.
Inserting `luaotfload.harf.finalize_hlist' at position 2 in `hpack_filter'.
Inserting `luaotfload.cleanup_files' at position 1 in `wrapup_run'.
Inserting `luaotfload.harf.finalize_unicode' at position 1 in `finish_pdffile'.
Inserting `luaotfload.glyphinfo' at position 1 in `glyph_info'.
Lua-only attribute luaotfload.letterspace_done = 3
Inserting `luaotfload.aux.set_sscale_dimens' at position 1 in `luaotfload.patch_
font'.
Inserting `luaotfload.aux.set_font_index' at position 2 in `luaotfload.patch_fon
t'.
Inserting `luaotfload.aux.patch_cambria_domh' at position 3 in `luaotfload.patch
_font'.
Inserting `luaotfload.aux.fixup_fontdata' at position 1 in `luaotfload.patch_fon
t_unsafe'.
Inserting `luaotfload.aux.set_capheight' at position 4 in `luaotfload.patch_font
'.
Inserting `luaotfload.aux.set_xheight' at position 5 in `luaotfload.patch_font'.
Inserting `luaotfload.rewrite_fontname' at position 6 in `luaotfload.patch_font'
. L3 programming layer <2022-02-24>
Inserting `tracingstacklevels' at position 1 in `input_level_string'.
("C:/Users/Adrien Dubois/AppData/Local/Programs/MiKTeX/tex/latex/base/article.c
ls"
Document Class: article 2021/10/04 v1.4n Standard LaTeX document class

("C:/Users/Adrien Dubois/AppData/Local/Programs/MiKTeX/tex/latex/base/size10.cl
o"
File: size10.clo 2021/10/04 v1.4n Standard LaTeX file (size option)
luaotfload | db : Font names database loaded from C:/Users/Adrien Dubois/AppData
/Local/MiKTeX/luatex-cache/generic/names/luaotfload-names.luc.gz)
\c@part=\count183
\c@section=\count184
\c@subsection=\count185
\c@subsubsection=\count186
\c@paragraph=\count187
\c@subparagraph=\count188
\c@figure=\count189
\c@table=\count190
\abovecaptionskip=\skip47
\belowcaptionskip=\skip48
\bibindent=\dimen137
)
("C:/Users/Adrien Dubois/AppData/Local/Programs/MiKTeX/tex/latex/polyglossia/po
lyglossia.sty"
Package: polyglossia 2021/04/12 v1.53 Modern multilingual typesetting with XeLa
TeX and LuaLaTeX

("C:/Users/Adrien Dubois/AppData/Local/Programs/MiKTeX/tex/latex/etoolbox/etool
box.sty"
Package: etoolbox 2020/10/05 v2.5k e-TeX tools for LaTeX (JAW)
\etb@tempcnta=\count191
)
("C:/Users/Adrien Dubois/AppData/Local/Programs/MiKTeX/tex/latex/makecmds/makec
mds.sty"
Package: makecmds 2009/09/03 v1.0a extra command making commands
)
("C:/Users/Adrien Dubois/AppData/Local/Programs/MiKTeX/tex/latex/xkeyval/xkeyva
l.sty"
Package: xkeyval 2020/11/20 v2.8 package option processing (HA)

("C:/Users/Adrien Dubois/AppData/Local/Programs/MiKTeX/tex/generic/xkeyval/xkey
val.tex"
("C:/Users/Adrien Dubois/AppData/Local/Programs/MiKTeX/tex/generic/xkeyval/xkvu
tils.tex"
\XKV@toks=\toks16
\XKV@tempa@toks=\toks17

("C:/Users/Adrien Dubois/AppData/Local/Programs/MiKTeX/tex/generic/xkeyval/keyv
al.tex"))
\XKV@depth=\count192
File: xkeyval.tex 2014/12/03 v2.7a key=value parser (HA)
))
("C:/Users/Adrien Dubois/AppData/Local/Programs/MiKTeX/tex/latex/fontspec/fonts
pec.sty"
("C:/Users/Adrien Dubois/AppData/Local/Programs/MiKTeX/tex/latex/l3packages/xpa
rse/xparse.sty"
("C:/Users/Adrien Dubois/AppData/Local/Programs/MiKTeX/tex/latex/l3kernel/expl3
.sty"
Package: expl3 2022-02-24 L3 programming layer (loader) 

("C:/Users/Adrien Dubois/AppData/Local/Programs/MiKTeX/tex/latex/l3backend/l3ba
ckend-luatex.def"
File: l3backend-luatex.def 2022-02-07 L3 backend support: PDF output (LuaTeX)
\l__color_backend_stack_int=\count193
\l__pdf_internal_box=\box50
))
Package: xparse 2022-01-12 L3 Experimental document command parser
)
Package: fontspec 2022/01/15 v2.8a Font selection for XeLaTeX and LuaLaTeX
Lua module: fontspec 2022/01/15 2.8a Font selection for XeLaTeX and LuaLaTeX
("C:/Users/Adrien Dubois/AppData/Local/Programs/MiKTeX/tex/latex/fontspec/fonts
pec-luatex.sty"
Package: fontspec-luatex 2022/01/15 v2.8a Font selection for XeLaTeX and LuaLaT
eX
\l__fontspec_script_int=\count194
\l__fontspec_language_int=\count195
\l__fontspec_strnum_int=\count196
\l__fontspec_tmp_int=\count197
\l__fontspec_tmpa_int=\count198
\l__fontspec_tmpb_int=\count199
\l__fontspec_tmpc_int=\count266
\l__fontspec_em_int=\count267
\l__fontspec_emdef_int=\count268
\l__fontspec_strong_int=\count269
\l__fontspec_strongdef_int=\count270
\l__fontspec_tmpa_dim=\dimen138
\l__fontspec_tmpb_dim=\dimen139
\l__fontspec_tmpc_dim=\dimen140

("C:/Users/Adrien Dubois/AppData/Local/Programs/MiKTeX/tex/latex/base/fontenc.s
ty"
Package: fontenc 2021/04/29 v2.0v Standard LaTeX package
)
("C:/Users/Adrien Dubois/AppData/Local/Programs/MiKTeX/tex/latex/fontspec/fonts
pec.cfg")))
("C:/Users/Adrien Dubois/AppData/Local/Programs/MiKTeX/tex/generic/iftex/iftex.
sty"
Package: iftex 2022/02/03 v1.0f TeX engine tests
)
("C:/Users/Adrien Dubois/AppData/Local/Programs/MiKTeX/tex/latex/l3packages/l3k
eys2e/l3keys2e.sty"
Package: l3keys2e 2022-01-12 LaTeX2e option processing using LaTeX3 keys
)

LaTeX hooks Warning: Generic hook 'file/after/tracklang.sty' is deprecated.
(hooks)              Use hook 'file/tracklang.sty/after' instead.


("C:/Users/Adrien Dubois/AppData/Local/Programs/MiKTeX/tex/luatex/luatexbase/lu
atexbase.sty"
Package: luatexbase 2015/10/04 v1.3 luatexbase interface to LuaTeX 

("C:/Users/Adrien Dubois/AppData/Local/Programs/MiKTeX/tex/luatex/ctablestack/c
tablestack.sty"
Package: ctablestack 2015/10/01 v1.0 Catcode table stable support
\@catcodetablestackcnt=\count271
)
\CatcodeTableOther=\catcodetable12
\CatcodeTableExpl=\catcodetable13
)
Lua module: polyglossia 2013/05/11 1.3 Polyglossia

LaTeX hooks Warning: Generic hook 'package/after/bidi' is deprecated.
(hooks)              Use hook 'package/bidi/after' instead.


LaTeX hooks Warning: Generic hook 'package/after/luabidi' is deprecated.
(hooks)              Use hook 'package/luabidi/after' instead.


("C:/Users/Adrien Dubois/AppData/Local/Programs/MiKTeX/tex/latex/polyglossia/gl
oss-latex.ldf"
File: gloss-latex.ldf polyglossia: module for default language
The property list \polyglossia@langsetup contains the pairs (without outer
braces):
>  {latex/script}  =>  {latin}
>  {latex/lcscript}  =>  {latin}
>  {latex/scripttag}  =>  {}
>  {latex/language}  =>  {Latex}
>  {latex/langtag}  =>  {ENG}
>  {latex/bcp47}  =>  {}
>  {latex/hyphennames}  =>  {english}
>  {latex/direction}  =>  {LR}
>  {latex/hyphenmins}  =>  {2,3}
>  {latex/frenchspacing}  =>  {false}
>  {latex/indentfirst}  =>  {false}
>  {latex/fontsetup}  =>  {true}
>  {latex/envname}  =>  {latex}
>  {latex/babelname}  =>  {latex}
>  {latex/localnumeral}  =>  {polyglossia@C@localnumeral}
>  {latex/Localnumeral}  =>  {polyglossia@C@localnumeral}.
)
Package polyglossia Info: Default language is latex.
Package polyglossia Info: Setting LuaTeX font renderer to Harfbuzz.
)
("C:/Users/Adrien Dubois/AppData/Local/Programs/MiKTeX/tex/latex/polyglossia/gl
oss-french.ldf"
File: gloss-french.ldf polyglossia: module for french
The property list \polyglossia@langsetup contains the pairs (without outer
braces):
>  {latex/script}  =>  {latin}
>  {latex/lcscript}  =>  {latin}
>  {latex/scripttag}  =>  {}
>  {latex/language}  =>  {Latex}
>  {latex/langtag}  =>  {ENG}
>  {latex/bcp47}  =>  {}
>  {latex/hyphennames}  =>  {english}
>  {latex/direction}  =>  {LR}
>  {latex/hyphenmins}  =>  {2,3}
>  {latex/frenchspacing}  =>  {false}
>  {latex/indentfirst}  =>  {false}
>  {latex/fontsetup}  =>  {true}
>  {latex/envname}  =>  {latex}
>  {latex/babelname}  =>  {latex}
>  {latex/localnumeral}  =>  {polyglossia@C@localnumeral}
>  {latex/Localnumeral}  =>  {polyglossia@C@localnumeral}
>  {french/script}  =>  {Latin}
>  {french/lcscript}  =>  {latin}
>  {french/scripttag}  =>  {}
>  {french/language}  =>  {French}
>  {french/langtag}  =>  {FRA}
>  {french/bcp47}  =>  {fr-FR}
>  {french/hyphennames}  =>  {french,francais}
>  {french/direction}  =>  {LR}
>  {french/hyphenmins}  =>  {2,2}
>  {french/frenchspacing}  =>  {true}
>  {french/indentfirst}  =>  {true}
>  {french/fontsetup}  =>  {true}
>  {french/envname}  =>  {french}
>  {french/babelname}  =>  {french}
>  {french/localnumeral}  =>  {polyglossia@C@localnumeral}
>  {french/Localnumeral}  =>  {polyglossia@C@localnumeral}.
Module polyglossia Info: Language data for french
(polyglossia)            lefthyphenmin	2
(polyglossia)            righthyphenmin	2
(polyglossia)            hyphenation	
(polyglossia)            patterns	hyph-fr.pat.txt
(polyglossia)            synonyms	patois,francais
(polyglossia)            loader	loadhyph-fr.tex on input line 12
Module polyglossia Info: Language french was not yet loaded; created with id 2 o
n input line 12
Lua-only attribute polyglossia_punct = 4
Package polyglossia Info: Option: French, variant=french.
)
Package polyglossia Info: Default language is french.

("C:/Users/Adrien Dubois/AppData/Local/Programs/MiKTeX/tex/latex/hyperref/hyper
ref.sty"
Package: hyperref 2022-02-21 v7.00n Hypertext links for LaTeX

("C:/Users/Adrien Dubois/AppData/Local/Programs/MiKTeX/tex/generic/ltxcmds/ltxc
mds.sty"
Package: ltxcmds 2020-05-10 v1.25 LaTeX kernel commands for general use (HO)
)
("C:/Users/Adrien Dubois/AppData/Local/Programs/MiKTeX/tex/generic/pdftexcmds/p
dftexcmds.sty"
Package: pdftexcmds 2020-06-27 v0.33 Utility functions of pdfTeX for LuaTeX (HO
)

("C:/Users/Adrien Dubois/AppData/Local/Programs/MiKTeX/tex/generic/infwarerr/in
fwarerr.sty"
Package: infwarerr 2019/12/03 v1.5 Providing info/warning/error messages (HO)
)
Package pdftexcmds Info: \pdf@primitive is available.
Package pdftexcmds Info: \pdf@ifprimitive is available.
Package pdftexcmds Info: \pdfdraftmode found.
\pdftexcmds@toks=\toks18
)
("C:/Users/Adrien Dubois/AppData/Local/Programs/MiKTeX/tex/generic/kvsetkeys/kv
setkeys.sty"
Package: kvsetkeys 2019/12/15 v1.18 Key value parser (HO)
)
("C:/Users/Adrien Dubois/AppData/Local/Programs/MiKTeX/tex/generic/kvdefinekeys
/kvdefinekeys.sty"
Package: kvdefinekeys 2019-12-19 v1.6 Define keys (HO)
)
("C:/Users/Adrien Dubois/AppData/Local/Programs/MiKTeX/tex/generic/pdfescape/pd
fescape.sty"
Package: pdfescape 2019/12/09 v1.15 Implements pdfTeX's escape features (HO)
)
("C:/Users/Adrien Dubois/AppData/Local/Programs/MiKTeX/tex/latex/hycolor/hycolo
r.sty"
Package: hycolor 2020-01-27 v1.10 Color options for hyperref/bookmark (HO)
)
("C:/Users/Adrien Dubois/AppData/Local/Programs/MiKTeX/tex/latex/letltxmacro/le
tltxmacro.sty"
Package: letltxmacro 2019/12/03 v1.6 Let assignment for LaTeX macros (HO)
)
("C:/Users/Adrien Dubois/AppData/Local/Programs/MiKTeX/tex/latex/auxhook/auxhoo
k.sty"
Package: auxhook 2019-12-17 v1.6 Hooks for auxiliary files (HO)
)
("C:/Users/Adrien Dubois/AppData/Local/Programs/MiKTeX/tex/latex/kvoptions/kvop
tions.sty"
Package: kvoptions 2020-10-07 v3.14 Key value format for package options (HO)
)
\@linkdim=\dimen141
\Hy@linkcounter=\count272
\Hy@pagecounter=\count273

("C:/Users/Adrien Dubois/AppData/Local/Programs/MiKTeX/tex/latex/hyperref/pd1en
c.def"
File: pd1enc.def 2022-02-21 v7.00n Hyperref: PDFDocEncoding definition (HO)
)
("C:/Users/Adrien Dubois/AppData/Local/Programs/MiKTeX/tex/generic/intcalc/intc
alc.sty"
Package: intcalc 2019/12/15 v1.3 Expandable calculations with integers (HO)
)
("C:/Users/Adrien Dubois/AppData/Local/Programs/MiKTeX/tex/generic/etexcmds/ete
xcmds.sty"
Package: etexcmds 2019/12/15 v1.7 Avoid name clashes with e-TeX commands (HO)
)
\Hy@SavedSpaceFactor=\count274

("C:/Users/Adrien Dubois/AppData/Local/Programs/MiKTeX/tex/latex/hyperref/puenc
.def"
File: puenc.def 2022-02-21 v7.00n Hyperref: PDF Unicode definition (HO)
)
Package hyperref Info: Option `pdfusetitle' set `true' on input line 4018.
Package hyperref Info: Option `colorlinks' set `true' on input line 4018.
Package hyperref Info: Hyper figures OFF on input line 4137.
Package hyperref Info: Link nesting OFF on input line 4142.
Package hyperref Info: Hyper index ON on input line 4145.
Package hyperref Info: Plain pages OFF on input line 4152.
Package hyperref Info: Backreferencing OFF on input line 4157.
Package hyperref Info: Implicit mode ON; LaTeX internals redefined.
Package hyperref Info: Bookmarks ON on input line 4390.
\c@Hy@tempcnt=\count275

("C:/Users/Adrien Dubois/AppData/Local/Programs/MiKTeX/tex/latex/url/url.sty"
\Urlmuskip=\muskip16
Package: url 2013/09/16  ver 3.4  Verb mode for urls, etc.
)
LaTeX Info: Redefining \url on input line 4749.
\XeTeXLinkMargin=\dimen142

("C:/Users/Adrien Dubois/AppData/Local/Programs/MiKTeX/tex/generic/bitset/bitse
t.sty"
Package: bitset 2019/12/09 v1.3 Handle bit-vector datatype (HO)

("C:/Users/Adrien Dubois/AppData/Local/Programs/MiKTeX/tex/generic/bigintcalc/b
igintcalc.sty"
Package: bigintcalc 2019/12/15 v1.5 Expandable calculations on big integers (HO
)
))
\Fld@menulength=\count276
\Field@Width=\dimen143
\Fld@charsize=\dimen144
Package hyperref Info: Hyper figures OFF on input line 6027.
Package hyperref Info: Link nesting OFF on input line 6032.
Package hyperref Info: Hyper index ON on input line 6035.
Package hyperref Info: backreferencing OFF on input line 6042.
Package hyperref Info: Link coloring ON on input line 6045.
Package hyperref Info: Link coloring with OCG OFF on input line 6052.
Package hyperref Info: PDF/A mode OFF on input line 6057.
LaTeX Info: Redefining \ref on input line 6097.
LaTeX Info: Redefining \pageref on input line 6101.

("C:/Users/Adrien Dubois/AppData/Local/Programs/MiKTeX/tex/latex/base/atbegshi-
ltx.sty"
Package: atbegshi-ltx 2021/01/10 v1.0c Emulation of the original atbegshi
package with kernel methods
)
\Hy@abspage=\count277
\c@Item=\count278
\c@Hfootnote=\count279
)
Package hyperref Info: Driver (autodetected): hluatex.

("C:/Users/Adrien Dubois/AppData/Local/Programs/MiKTeX/tex/latex/hyperref/hluat
ex.def"
File: hluatex.def 2022-02-21 v7.00n Hyperref driver for luaTeX

("C:/Users/Adrien Dubois/AppData/Local/Programs/MiKTeX/tex/generic/stringenc/st
ringenc.sty"
Package: stringenc 2019/11/29 v1.12 Convert strings between diff. encodings (HO
)
)
("C:/Users/Adrien Dubois/AppData/Local/Programs/MiKTeX/tex/latex/base/atveryend
-ltx.sty"
Package: atveryend-ltx 2020/08/19 v1.0a Emulation of the original atveryend pac
kage
with kernel methods
)
\Fld@listcount=\count280
\c@bookmark@seq@number=\count281

("C:/Users/Adrien Dubois/AppData/Local/Programs/MiKTeX/tex/latex/rerunfilecheck
/rerunfilecheck.sty"
Package: rerunfilecheck 2019/12/05 v1.9 Rerun checks for auxiliary files (HO)

("C:/Users/Adrien Dubois/AppData/Local/Programs/MiKTeX/tex/generic/uniquecounte
r/uniquecounter.sty"
Package: uniquecounter 2019/12/15 v1.4 Provide unlimited unique counter (HO)
)
Package uniquecounter Info: New unique counter `rerunfilecheck' on input line 2
86.
)
\Hy@SectionHShift=\skip49
)
("C:/Users/Adrien Dubois/AppData/Local/Programs/MiKTeX/tex/latex/mathtools/math
tools.sty"
Package: mathtools 2022/02/07 v1.28a mathematical typesetting tools

("C:/Users/Adrien Dubois/AppData/Local/Programs/MiKTeX/tex/latex/tools/calc.sty
"
Package: calc 2017/05/25 v4.3 Infix arithmetic (KKT,FJ)
\calc@Acount=\count282
\calc@Bcount=\count283
\calc@Adimen=\dimen145
\calc@Bdimen=\dimen146
\calc@Askip=\skip50
\calc@Bskip=\skip51
LaTeX Info: Redefining \setlength on input line 80.
LaTeX Info: Redefining \addtolength on input line 81.
\calc@Ccount=\count284
\calc@Cskip=\skip52
)
("C:/Users/Adrien Dubois/AppData/Local/Programs/MiKTeX/tex/latex/mathtools/mhse
tup.sty"
Package: mhsetup 2021/03/18 v1.4 programming setup (MH)
)
("C:/Users/Adrien Dubois/AppData/Local/Programs/MiKTeX/tex/latex/amsmath/amsmat
h.sty"
Package: amsmath 2021/10/15 v2.17l AMS math features
\@mathmargin=\skip53

For additional information on amsmath, use the `?' option.

("C:/Users/Adrien Dubois/AppData/Local/Programs/MiKTeX/tex/latex/amsmath/amstex
t.sty"
Package: amstext 2021/08/26 v2.01 AMS text

("C:/Users/Adrien Dubois/AppData/Local/Programs/MiKTeX/tex/latex/amsmath/amsgen
.sty"
File: amsgen.sty 1999/11/30 v2.0 generic functions
\@emptytoks=\toks19
\ex@=\dimen147
))
("C:/Users/Adrien Dubois/AppData/Local/Programs/MiKTeX/tex/latex/amsmath/amsbsy
.sty"
Package: amsbsy 1999/11/29 v1.2d Bold Symbols
\pmbraise@=\dimen148
)
("C:/Users/Adrien Dubois/AppData/Local/Programs/MiKTeX/tex/latex/amsmath/amsopn
.sty"
Package: amsopn 2021/08/26 v2.02 operator names
)
\inf@bad=\count285
LaTeX Info: Redefining \frac on input line 236.
\uproot@=\count286
\leftroot@=\count287
LaTeX Info: Redefining \overline on input line 399.
\classnum@=\count288
\DOTSCASE@=\count289
LaTeX Info: Redefining \ldots on input line 496.
LaTeX Info: Redefining \dots on input line 499.
LaTeX Info: Redefining \cdots on input line 620.
\Mathstrutbox@=\box51
\strutbox@=\box52
\big@size=\dimen149
LaTeX Font Info:    Redeclaring font encoding OML on input line 743.
LaTeX Font Info:    Redeclaring font encoding OMS on input line 744.
\macc@depth=\count290
\c@MaxMatrixCols=\count291
\dotsspace@=\muskip17
\c@parentequation=\count292
\dspbrk@lvl=\count293
\tag@help=\toks20
\row@=\count294
\column@=\count295
\maxfields@=\count296
\andhelp@=\toks21
\eqnshift@=\dimen150
\alignsep@=\dimen151
\tagshift@=\dimen152
\tagwidth@=\dimen153
\totwidth@=\dimen154
\lineht@=\dimen155
\@envbody=\toks22
\multlinegap=\skip54
\multlinetaggap=\skip55
\mathdisplay@stack=\toks23
LaTeX Info: Redefining \[ on input line 2938.
LaTeX Info: Redefining \] on input line 2939.
)
\g_MT_multlinerow_int=\count297
\l_MT_multwidth_dim=\dimen156
\origjot=\skip56
\l_MT_shortvdotswithinadjustabove_dim=\dimen157
\l_MT_shortvdotswithinadjustbelow_dim=\dimen158
\l_MT_above_intertext_sep=\dimen159
\l_MT_below_intertext_sep=\dimen160
\l_MT_above_shortintertext_sep=\dimen161
\l_MT_below_shortintertext_sep=\dimen162
\xmathstrut@box=\box53
\xmathstrut@dim=\dimen163
)
("C:/Users/Adrien Dubois/AppData/Local/Programs/MiKTeX/tex/latex/amsfonts/amssy
mb.sty"
Package: amssymb 2013/01/14 v3.01 AMS font symbols

("C:/Users/Adrien Dubois/AppData/Local/Programs/MiKTeX/tex/latex/amsfonts/amsfo
nts.sty"
Package: amsfonts 2013/01/14 v3.01 Basic AMSFonts support
\symAMSa=\mathgroup4
\symAMSb=\mathgroup5
LaTeX Font Info:    Redeclaring math symbol \hbar on input line 98.
LaTeX Font Info:    Overwriting math alphabet `\mathfrak' in version `bold'
(Font)                  U/euf/m/n --> U/euf/b/n on input line 106.
))
("C:/Users/Adrien Dubois/AppData/Local/Programs/MiKTeX/tex/latex/xcolor/xcolor.
sty"
Package: xcolor 2021/10/31 v2.13 LaTeX color extensions (UK)

("C:/Users/Adrien Dubois/AppData/Local/Programs/MiKTeX/tex/latex/graphics-cfg/c
olor.cfg"
File: color.cfg 2016/01/02 v1.6 sample color configuration
)
Package xcolor Info: Driver file: luatex.def on input line 227.

("C:/Users/Adrien Dubois/AppData/Local/Programs/MiKTeX/tex/latex/graphics-def/l
uatex.def"
File: luatex.def 2021/06/01 v1.2c Graphics/color driver for luatex
)
Package xcolor Info: Model `cmy' substituted by `cmy0' on input line 1352.
Package xcolor Info: Model `hsb' substituted by `rgb' on input line 1356.
Package xcolor Info: Model `RGB' extended on input line 1368.
Package xcolor Info: Model `HTML' substituted by `rgb' on input line 1370.
Package xcolor Info: Model `Hsb' substituted by `hsb' on input line 1371.
Package xcolor Info: Model `tHsb' substituted by `hsb' on input line 1372.
Package xcolor Info: Model `HSB' substituted by `hsb' on input line 1373.
Package xcolor Info: Model `Gray' substituted by `gray' on input line 1374.
Package xcolor Info: Model `wave' substituted by `hsb' on input line 1375.
)
("C:/Users/Adrien Dubois/AppData/Local/Programs/MiKTeX/tex/latex/graphics/graph
icx.sty"
Package: graphicx 2021/09/16 v1.2d Enhanced LaTeX Graphics (DPC,SPQR)

("C:/Users/Adrien Dubois/AppData/Local/Programs/MiKTeX/tex/latex/graphics/graph
ics.sty"
Package: graphics 2021/03/04 v1.4d Standard LaTeX Graphics (DPC,SPQR)

("C:/Users/Adrien Dubois/AppData/Local/Programs/MiKTeX/tex/latex/graphics/trig.
sty"
Package: trig 2021/08/11 v1.11 sin cos tan (DPC)
)
("C:/Users/Adrien Dubois/AppData/Local/Programs/MiKTeX/tex/latex/graphics-cfg/g
raphics.cfg"
File: graphics.cfg 2016/06/04 v1.11 sample graphics configuration
)
Package graphics Info: Driver file: luatex.def on input line 107.
)
\Gin@req@height=\dimen164
\Gin@req@width=\dimen165
)
("C:/Users/Adrien Dubois/AppData/Local/Programs/MiKTeX/tex/latex/geometry/geome
try.sty"
Package: geometry 2020/01/02 v5.9 Page Geometry

("C:/Users/Adrien Dubois/AppData/Local/Programs/MiKTeX/tex/generic/iftex/ifvtex
.sty"
Package: ifvtex 2019/10/25 v1.7 ifvtex legacy package. Use iftex instead.
)
\Gm@cnth=\count298
\Gm@cntv=\count299
\c@Gm@tempcnt=\count300
\Gm@bindingoffset=\dimen166
\Gm@wd@mp=\dimen167
\Gm@odd@mp=\dimen168
\Gm@even@mp=\dimen169
\Gm@layoutwidth=\dimen170
\Gm@layoutheight=\dimen171
\Gm@layouthoffset=\dimen172
\Gm@layoutvoffset=\dimen173
\Gm@dimlist=\toks24

("C:/Users/Adrien Dubois/AppData/Local/Programs/MiKTeX/tex/latex/geometry/geome
try.cfg"))
("C:/Users/Adrien Dubois/AppData/Local/Programs/MiKTeX/tex/latex/caption/subcap
tion.sty"
Package: subcaption 2022/01/07 v1.5 Sub-captions (AR)

("C:/Users/Adrien Dubois/AppData/Local/Programs/MiKTeX/tex/latex/caption/captio
n.sty"
Package: caption 2022/03/01 v3.6b Customizing captions (AR)

("C:/Users/Adrien Dubois/AppData/Local/Programs/MiKTeX/tex/latex/caption/captio
n3.sty"
Package: caption3 2022/03/17 v2.3b caption3 kernel (AR)
\caption@tempdima=\dimen174
\captionmargin=\dimen175
\caption@leftmargin=\dimen176
\caption@rightmargin=\dimen177
\caption@width=\dimen178
\caption@indent=\dimen179
\caption@parindent=\dimen180
\caption@hangindent=\dimen181
Package caption Info: Standard document class detected.
)
\c@caption@flags=\count301
\c@continuedfloat=\count302
Package caption Info: hyperref package is loaded.
)
\c@subfigure=\count303
\c@subtable=\count304
)
("C:/Users/Adrien Dubois/AppData/Local/Programs/MiKTeX/tex/latex/tools/multicol
.sty"
Package: multicol 2021/10/28 v1.9b multicolumn formatting (FMi)
\c@tracingmulticols=\count305
\mult@box=\box54
\multicol@leftmargin=\dimen182
\c@unbalance=\count306
\c@collectmore=\count307
\doublecol@number=\count308
\multicoltolerance=\count309
\multicolpretolerance=\count310
\full@width=\dimen183
\page@free=\dimen184
\premulticols=\dimen185
\postmulticols=\dimen186
\multicolsep=\skip57
\multicolbaselineskip=\skip58
\partial@page=\box55
\last@line=\box56
\maxbalancingoverflow=\dimen187
\mult@rightbox=\box57
\mult@grightbox=\box58
\mult@firstbox=\box59
\mult@gfirstbox=\box60
\@tempa=\box61
\@tempa=\box62
\@tempa=\box63
\@tempa=\box64
\@tempa=\box65
\@tempa=\box66
\@tempa=\box67
\@tempa=\box68
\@tempa=\box69
\@tempa=\box70
\@tempa=\box71
\@tempa=\box72
\@tempa=\box73
\@tempa=\box74
\@tempa=\box75
\@tempa=\box76
\@tempa=\box77
\@tempa=\box78
\@tempa=\box79
\@tempa=\box80
\@tempa=\box81
\@tempa=\box82
\@tempa=\box83
\@tempa=\box84
\@tempa=\box85
\@tempa=\box86
\@tempa=\box87
\@tempa=\box88
\@tempa=\box89
\@tempa=\box90
\@tempa=\box91
\@tempa=\box92
\@tempa=\box93
\@tempa=\box94
\@tempa=\box95
\@tempa=\box96
\c@minrows=\count311
\c@columnbadness=\count312
\c@finalcolumnbadness=\count313
\last@try=\dimen188
\multicolovershoot=\dimen189
\multicolundershoot=\dimen190
\mult@nat@firstbox=\box97
\colbreak@box=\box98
\mc@col@check@num=\count314
)
("C:/Users/Adrien Dubois/AppData/Local/Programs/MiKTeX/tex/latex/doublestroke/d
sfont.sty"
Package: dsfont 1995/08/01 v0.1 Double stroke roman fonts
)
("C:/Users/Adrien Dubois/AppData/Local/Programs/MiKTeX/tex/latex/enumitem/enumi
tem.sty"
Package: enumitem 2019/06/20 v3.9 Customized lists
\enitkv@toks@=\toks25
\labelindent=\skip59
\enit@outerparindent=\dimen191
\enit@toks=\toks26
\enit@inbox=\box99
\enit@count@id=\count315
\enitdp@description=\count316
)
("C:/Users/Adrien Dubois/AppData/Local/Programs/MiKTeX/tex/latex/float/float.st
y"
Package: float 2001/11/08 v1.3d Float enhancements (AL)
\c@float@type=\count317
\float@exts=\toks27
\float@box=\box100
\@float@everytoks=\toks28
\@floatcapt=\box101
) (./rapport.aux
LaTeX Info: Redefining \rmfamily on input line 24.
LaTeX Info: Redefining \sffamily on input line 24.
LaTeX Info: Redefining \ttfamily on input line 24.
Removing  `luaotfload.node_processor' from `pre_linebreak_filter'.
Inserting `polyglossia-punct.process' at position 1 in `pre_linebreak_filter'.
Inserting `luaotfload.node_processor' at position 2 in `pre_linebreak_filter'.
Removing  `luaotfload.node_processor' from `hpack_filter'.
Removing  `luaotfload.harf.finalize_hlist' from `hpack_filter'.
Inserting `polyglossia-punct.process' at position 1 in `hpack_filter'.
Inserting `luaotfload.node_processor' at position 2 in `hpack_filter'.
Inserting `luaotfload.harf.finalize_hlist' at position 3 in `hpack_filter'.)
\openout1 = rapport.aux

LaTeX Font Info:    Checking defaults for OML/cmm/m/it on input line 29.
LaTeX Font Info:    ... okay on input line 29.
LaTeX Font Info:    Checking defaults for OMS/cmsy/m/n on input line 29.
LaTeX Font Info:    ... okay on input line 29.
LaTeX Font Info:    Checking defaults for OT1/cmr/m/n on input line 29.
LaTeX Font Info:    ... okay on input line 29.
LaTeX Font Info:    Checking defaults for T1/cmr/m/n on input line 29.
LaTeX Font Info:    ... okay on input line 29.
LaTeX Font Info:    Checking defaults for TS1/cmr/m/n on input line 29.
LaTeX Font Info:    Trying to load font information for TS1+cmr on input line 2
9.

("C:/Users/Adrien Dubois/AppData/Local/Programs/MiKTeX/tex/latex/base/ts1cmr.fd
"
File: ts1cmr.fd 2019/12/16 v2.5j Standard LaTeX font definitions
)
LaTeX Font Info:    ... okay on input line 29.
LaTeX Font Info:    Checking defaults for TU/lmr/m/n on input line 29.
LaTeX Font Info:    ... okay on input line 29.
LaTeX Font Info:    Checking defaults for OMX/cmex/m/n on input line 29.
LaTeX Font Info:    ... okay on input line 29.
LaTeX Font Info:    Checking defaults for U/cmr/m/n on input line 29.
LaTeX Font Info:    ... okay on input line 29.
LaTeX Font Info:    Checking defaults for PD1/pdf/m/n on input line 29.
LaTeX Font Info:    ... okay on input line 29.
LaTeX Font Info:    Checking defaults for PU/pdf/m/n on input line 29.
LaTeX Font Info:    ... okay on input line 29.

Package fontspec Info: Adjusting the maths setup (use [no-math] to avoid
(fontspec)             this).

\symlegacymaths=\mathgroup6
LaTeX Font Info:    Overwriting symbol font `legacymaths' in version `bold'
(Font)                  OT1/cmr/m/n --> OT1/cmr/bx/n on input line 29.
LaTeX Font Info:    Redeclaring math accent \acute on input line 29.
LaTeX Font Info:    Redeclaring math accent \grave on input line 29.
LaTeX Font Info:    Redeclaring math accent \ddot on input line 29.
LaTeX Font Info:    Redeclaring math accent \tilde on input line 29.
LaTeX Font Info:    Redeclaring math accent \bar on input line 29.
LaTeX Font Info:    Redeclaring math accent \breve on input line 29.
LaTeX Font Info:    Redeclaring math accent \check on input line 29.
LaTeX Font Info:    Redeclaring math accent \hat on input line 29.
LaTeX Font Info:    Redeclaring math accent \dot on input line 29.
LaTeX Font Info:    Redeclaring math accent \mathring on input line 29.
LaTeX Font Info:    Redeclaring math symbol \Gamma on input line 29.
LaTeX Font Info:    Redeclaring math symbol \Delta on input line 29.
LaTeX Font Info:    Redeclaring math symbol \Theta on input line 29.
LaTeX Font Info:    Redeclaring math symbol \Lambda on input line 29.
LaTeX Font Info:    Redeclaring math symbol \Xi on input line 29.
LaTeX Font Info:    Redeclaring math symbol \Pi on input line 29.
LaTeX Font Info:    Redeclaring math symbol \Sigma on input line 29.
LaTeX Font Info:    Redeclaring math symbol \Upsilon on input line 29.
LaTeX Font Info:    Redeclaring math symbol \Phi on input line 29.
LaTeX Font Info:    Redeclaring math symbol \Psi on input line 29.
LaTeX Font Info:    Redeclaring math symbol \Omega on input line 29.
LaTeX Font Info:    Redeclaring math symbol \mathdollar on input line 29.
LaTeX Font Info:    Redeclaring symbol font `operators' on input line 29.
LaTeX Font Info:    Encoding `OT1' has changed to `TU' for symbol font
(Font)              `operators' in the math version `normal' on input line 29.
LaTeX Font Info:    Overwriting symbol font `operators' in version `normal'
(Font)                  OT1/cmr/m/n --> TU/lmr/m/n on input line 29.
LaTeX Font Info:    Encoding `OT1' has changed to `TU' for symbol font
(Font)              `operators' in the math version `bold' on input line 29.
LaTeX Font Info:    Overwriting symbol font `operators' in version `bold'
(Font)                  OT1/cmr/bx/n --> TU/lmr/m/n on input line 29.
LaTeX Font Info:    Overwriting symbol font `operators' in version `normal'
(Font)                  TU/lmr/m/n --> TU/lmr/m/n on input line 29.
LaTeX Font Info:    Overwriting math alphabet `\mathit' in version `normal'
(Font)                  OT1/cmr/m/it --> TU/lmr/m/it on input line 29.
LaTeX Font Info:    Overwriting math alphabet `\mathbf' in version `normal'
(Font)                  OT1/cmr/bx/n --> TU/lmr/b/n on input line 29.
LaTeX Font Info:    Overwriting math alphabet `\mathsf' in version `normal'
(Font)                  OT1/cmss/m/n --> TU/lmss/m/n on input line 29.
LaTeX Font Info:    Overwriting math alphabet `\mathtt' in version `normal'
(Font)                  OT1/cmtt/m/n --> TU/lmtt/m/n on input line 29.
LaTeX Font Info:    Overwriting symbol font `operators' in version `bold'
(Font)                  TU/lmr/m/n --> TU/lmr/b/n on input line 29.
LaTeX Font Info:    Overwriting math alphabet `\mathit' in version `bold'
(Font)                  OT1/cmr/bx/it --> TU/lmr/b/it on input line 29.
LaTeX Font Info:    Overwriting math alphabet `\mathsf' in version `bold'
(Font)                  OT1/cmss/bx/n --> TU/lmss/b/n on input line 29.
LaTeX Font Info:    Overwriting math alphabet `\mathtt' in version `bold'
(Font)                  OT1/cmtt/m/n --> TU/lmtt/b/n on input line 29.
Package hyperref Info: Link coloring ON on input line 29.

("C:/Users/Adrien Dubois/AppData/Local/Programs/MiKTeX/tex/latex/hyperref/namer
ef.sty"
Package: nameref 2021-04-02 v2.47 Cross-referencing by name of section

("C:/Users/Adrien Dubois/AppData/Local/Programs/MiKTeX/tex/latex/refcount/refco
unt.sty"
Package: refcount 2019/12/15 v3.6 Data extraction from label references (HO)
)
("C:/Users/Adrien Dubois/AppData/Local/Programs/MiKTeX/tex/generic/gettitlestri
ng/gettitlestring.sty"
Package: gettitlestring 2019/12/15 v1.6 Cleanup title references (HO)
)
\c@section@level=\count318
)
LaTeX Info: Redefining \ref on input line 29.
LaTeX Info: Redefining \pageref on input line 29.
LaTeX Info: Redefining \nameref on input line 29.
 (./rapport.out) (./rapport.out)
\@outlinefile=\write3

\openout3 = rapport.out

("C:/Users/Adrien Dubois/AppData/Local/Programs/MiKTeX/tex/context/base/mkii/su
pp-pdf.mkii"
[Loading MPS to PDF converter (version 2006.09.02).]
\scratchcounter=\count319
\scratchdimen=\dimen192
\scratchbox=\box102
\nofMPsegments=\count320
\nofMParguments=\count321
\everyMPshowfont=\toks29
\MPscratchCnt=\count322
\MPscratchDim=\dimen193
\MPnumerator=\count323
\makeMPintoPDFobject=\count324
\everyMPtoPDFconversion=\toks30
)
("C:/Users/Adrien Dubois/AppData/Local/Programs/MiKTeX/tex/latex/epstopdf-pkg/e
pstopdf-base.sty"
Package: epstopdf-base 2020-01-24 v2.11 Base part for package epstopdf
Package epstopdf-base Info: Redefining graphics rule for `.eps' on input line 4
85.

("C:/Users/Adrien Dubois/AppData/Local/Programs/MiKTeX/tex/latex/00miktex/epsto
pdf-sys.cfg"
File: epstopdf-sys.cfg 2021/03/18 v2.0 Configuration of epstopdf for MiKTeX
))
*geometry* driver: auto-detecting
*geometry* detected driver: luatex
*geometry* verbose mode - [ preamble ] result:
* driver: luatex
* paper: a4paper
* layout: <same size as paper>
* layoutoffset:(h,v)=(0.0pt,0.0pt)
* modes: twoside 
* h-part:(L,W,R)=(56.9055pt, 483.69687pt, 56.9055pt)
* v-part:(T,H,B)=(56.9055pt, 731.23584pt, 56.9055pt)
* \paperwidth=597.50787pt
* \paperheight=845.04684pt
* \textwidth=483.69687pt
* \textheight=731.23584pt
* \oddsidemargin=-15.36449pt
* \evensidemargin=-15.36449pt
* \topmargin=-52.36449pt
* \headheight=12.0pt
* \headsep=25.0pt
* \topskip=10.0pt
* \footskip=30.0pt
* \marginparwidth=111.0pt
* \marginparsep=11.0pt
* \columnsep=10.0pt
* \skip\footins=9.0pt plus 4.0pt minus 2.0pt
* \hoffset=0.0pt
* \voffset=0.0pt
* \mag=1000
* \@twocolumnfalse
* \@twosidetrue
* \@mparswitchtrue
* \@reversemarginfalse
* (1in=72.27pt=25.4mm, 1cm=28.453pt)

Package caption Info: Begin \AtBeginDocument code.
Package caption Info: float package is loaded.
Package caption Info: End \AtBeginDocument code.
LaTeX Info: Redefining \rmfamily on input line 29.
LaTeX Info: Redefining \sffamily on input line 29.
LaTeX Info: Redefining \ttfamily on input line 29.
LaTeX Font Info:    Trying to load font information for U+msa on input line 31.


("C:/Users/Adrien Dubois/AppData/Local/Programs/MiKTeX/tex/latex/amsfonts/umsa.
fd"
File: umsa.fd 2013/01/14 v3.01 AMS symbols A
)
LaTeX Font Info:    Trying to load font information for U+msb on input line 31.


("C:/Users/Adrien Dubois/AppData/Local/Programs/MiKTeX/tex/latex/amsfonts/umsb.
fd"
File: umsb.fd 2013/01/14 v3.01 AMS symbols B
) (./rapport.toc
LaTeX Info: Redefining \rmfamily on input line 1.
LaTeX Info: Redefining \sffamily on input line 1.
LaTeX Info: Redefining \ttfamily on input line 1.
)
\tf@toc=\write4

\openout4 = rapport.toc
<C:/Users/Adrien Dubois/Desktop/TIPE/2-Code/images//sequence_insuline_bovine.pn
g, id=128, 244.66406pt x 84.315pt>
File: C:/Users/Adrien Dubois/Desktop/TIPE/2-Code/images//sequence_insuline_bovi
ne.png Graphic file (type png)
<use C:/Users/Adrien Dubois/Desktop/TIPE/2-Code/images//sequence_insuline_bovin
e.png>
Package luatex.def Info: C:/Users/Adrien Dubois/Desktop/TIPE/2-Code/images//seq
uence_insuline_bovine.png  used on input line 45.
(luatex.def)             Requested size: 85.35826pt x 29.41547pt.
<C:/Users/Adrien Dubois/Desktop/TIPE/2-Code/images//structure_insuline_bovine.p
ng, id=129, 443.40656pt x 499.8675pt>
File: C:/Users/Adrien Dubois/Desktop/TIPE/2-Code/images//structure_insuline_bov
ine.png Graphic file (type png)
<use C:/Users/Adrien Dubois/Desktop/TIPE/2-Code/images//structure_insuline_bovi
ne.png>
Package luatex.def Info: C:/Users/Adrien Dubois/Desktop/TIPE/2-Code/images//str
ucture_insuline_bovine.png  used on input line 47.
(luatex.def)             Requested size: 56.9055pt x 64.14604pt.
<C:/Users/Adrien Dubois/Desktop/TIPE/2-Code/images//cartoon_insuline_bovine.png
, id=130, 356.0803pt x 389.20406pt>
File: C:/Users/Adrien Dubois/Desktop/TIPE/2-Code/images//cartoon_insuline_bovin
e.png Graphic file (type png)
<use C:/Users/Adrien Dubois/Desktop/TIPE/2-Code/images//cartoon_insuline_bovine
.png>
Package luatex.def Info: C:/Users/Adrien Dubois/Desktop/TIPE/2-Code/images//car
toon_insuline_bovine.png  used on input line 49.
(luatex.def)             Requested size: 56.9055pt x 62.19672pt.
 [1

{C:/Users/Adrien Dubois/AppData/Local/MiKTeX/fonts/map/pdftex/pdftex.map}]
Underfull \hbox (badness 10000) in paragraph at lines 53--54

 []


Package hyperref Warning: Token not allowed in a PDF string (Unicode):
(hyperref)                removing `\@ifnextchar' on input line 57.

<C:/Users/Adrien Dubois/Desktop/TIPE/2-Code/images//lignes_pdb.png, id=148, 730
.98094pt x 179.92218pt>
File: C:/Users/Adrien Dubois/Desktop/TIPE/2-Code/images//lignes_pdb.png Graphic
 file (type png)
<use C:/Users/Adrien Dubois/Desktop/TIPE/2-Code/images//lignes_pdb.png>
Package luatex.def Info: C:/Users/Adrien Dubois/Desktop/TIPE/2-Code/images//lig
nes_pdb.png  used on input line 62.
(luatex.def)             Requested size: 256.0748pt x 63.02861pt.
<C:/Users/Adrien Dubois/Desktop/TIPE/2-Code/images//protein_peuliaisons_pres.pn
g, id=149, 1300.1072pt x 757.32938pt>
File: C:/Users/Adrien Dubois/Desktop/TIPE/2-Code/images//protein_peuliaisons_pr
es.png Graphic file (type png)
<use C:/Users/Adrien Dubois/Desktop/TIPE/2-Code/images//protein_peuliaisons_pre
s.png>
Package luatex.def Info: C:/Users/Adrien Dubois/Desktop/TIPE/2-Code/images//pro
tein_peuliaisons_pres.png  used on input line 75.
(luatex.def)             Requested size: 341.43306pt x 198.88861pt.
[2<C:/Users/Adrien Dubois/Desktop/TIPE/2-Code/images//sequence_insuline_bovine.p
ng><C:/Users/Adrien Dubois/Desktop/TIPE/2-Code/images//structure_insuline_bovine
.png><C:/Users/Adrien Dubois/Desktop/TIPE/2-Code/images//cartoon_insuline_bovine
.png><C:/Users/Adrien Dubois/Desktop/TIPE/2-Code/images//lignes_pdb.png><C:/User
s/Adrien Dubois/Desktop/TIPE/2-Code/images//protein_peuliaisons_pres.png>]
Underfull \hbox (badness 10000) in paragraph at lines 101--103

 []

<C:/Users/Adrien Dubois/Desktop/TIPE/2-Code/images//rcoeff_dist059_ang068_tot06
4.png, id=164, 390.70969pt x 402.00188pt>
File: C:/Users/Adrien Dubois/Desktop/TIPE/2-Code/images//rcoeff_dist059_ang068_
tot064.png Graphic file (type png)
<use C:/Users/Adrien Dubois/Desktop/TIPE/2-Code/images//rcoeff_dist059_ang068_t
ot064.png>
Package luatex.def Info: C:/Users/Adrien Dubois/Desktop/TIPE/2-Code/images//rco
eff_dist059_ang068_tot064.png  used on input line 112.
(luatex.def)             Requested size: 113.81102pt x 117.09894pt.
<C:/Users/Adrien Dubois/Desktop/TIPE/2-Code/images//rcoeff_dist094_ang097_tot09
5.png, id=165, 622.57594pt x 630.85687pt>
File: C:/Users/Adrien Dubois/Desktop/TIPE/2-Code/images//rcoeff_dist094_ang097_
tot095.png Graphic file (type png)
<use C:/Users/Adrien Dubois/Desktop/TIPE/2-Code/images//rcoeff_dist094_ang097_t
ot095.png>
Package luatex.def Info: C:/Users/Adrien Dubois/Desktop/TIPE/2-Code/images//rco
eff_dist094_ang097_tot095.png  used on input line 118.
(luatex.def)             Requested size: 113.81102pt x 115.32053pt.

Overfull \hbox (0.94366pt too wide) in paragraph at lines 149--150
[][] 
 []

[3<C:/Users/Adrien Dubois/Desktop/TIPE/2-Code/images//rcoeff_dist059_ang068_tot0
64.png><C:/Users/Adrien Dubois/Desktop/TIPE/2-Code/images//rcoeff_dist094_ang097
_tot095.png>]
Underfull \hbox (badness 10000) in paragraph at lines 173--174

 []


Underfull \hbox (badness 10000) in paragraph at lines 173--174

 []


Underfull \hbox (badness 10000) in paragraph at lines 195--197

 []


Package hyperref Warning: Token not allowed in a PDF string (Unicode):
(hyperref)                removing `\@ifnextchar' on input line 209.


Package hyperref Warning: Token not allowed in a PDF string (Unicode):
(hyperref)                removing `\@ifnextchar' on input line 226.


Package hyperref Warning: Token not allowed in a PDF string (Unicode):
(hyperref)                removing `subscript' on input line 226.


Underfull \hbox (badness 10000) in paragraph at lines 227--232

 []


Underfull \hbox (badness 10000) in paragraph at lines 227--232

 []

<C:/Users/Adrien Dubois/Desktop/TIPE/2-Code/images//graph_tri_equal_colored.png
, id=185, 244.2726pt x 244.9953pt>
File: C:/Users/Adrien Dubois/Desktop/TIPE/2-Code/images//graph_tri_equal_colore
d.png Graphic file (type png)
<use C:/Users/Adrien Dubois/Desktop/TIPE/2-Code/images//graph_tri_equal_colored
.png>
Package luatex.def Info: C:/Users/Adrien Dubois/Desktop/TIPE/2-Code/images//gra
ph_tri_equal_colored.png  used on input line 235.
(luatex.def)             Requested size: 71.13188pt x 71.34213pt.
[4]

Package hyperref Warning: Token not allowed in a PDF string (Unicode):
(hyperref)                removing `\@ifnextchar' on input line 267.


Package hyperref Warning: Token not allowed in a PDF string (Unicode):
(hyperref)                removing `subscript' on input line 267.


Underfull \hbox (badness 10000) in paragraph at lines 269--270

 []


LaTeX Warning: Command \textbackslash invalid in math mode on input line 280.

<C:/Users/Adrien Dubois/Desktop/TIPE/2-Code/images//search_tree.png, id=198, 12
10.5225pt x 463.7325pt>
File: C:/Users/Adrien Dubois/Desktop/TIPE/2-Code/images//search_tree.png Graphi
c file (type png)
<use C:/Users/Adrien Dubois/Desktop/TIPE/2-Code/images//search_tree.png>
Package luatex.def Info: C:/Users/Adrien Dubois/Desktop/TIPE/2-Code/images//sea
rch_tree.png  used on input line 289.
(luatex.def)             Requested size: 241.84842pt x 92.64578pt.

Underfull \hbox (badness 10000) in paragraph at lines 271--292

 []


Overfull \hbox (13.60092pt too wide) in paragraph at lines 271--292
|   $[]$
 []


Package hyperref Warning: Token not allowed in a PDF string (Unicode):
(hyperref)                removing `\@ifnextchar' on input line 293.


Package hyperref Warning: Token not allowed in a PDF string (Unicode):
(hyperref)                removing `subscript' on input line 293.

LaTeX Font Info:    Trying to load font information for U+dsrom on input line 2
96.

("C:/Users/Adrien Dubois/AppData/Local/Programs/MiKTeX/tex/latex/doublestroke/u
dsrom.fd"
File: Udsrom.fd 1995/08/01 v0.1 Double stroke roman font definitions
)
Underfull \hbox (badness 10000) in paragraph at lines 294--300

 []


Underfull \hbox (badness 10000) in paragraph at lines 294--300

 []

[5<C:/Users/Adrien Dubois/Desktop/TIPE/2-Code/images//graph_tri_equal_colored.pn
g><C:/Users/Adrien Dubois/Desktop/TIPE/2-Code/images//search_tree.png>]
<C:/Users/Adrien Dubois/Desktop/TIPE/2-Code/images//graph_tri_equal.png, id=211
, 252.2223pt x 252.2223pt>
File: C:/Users/Adrien Dubois/Desktop/TIPE/2-Code/images//graph_tri_equal.png Gr
aphic file (type png)
<use C:/Users/Adrien Dubois/Desktop/TIPE/2-Code/images//graph_tri_equal.png>
Package luatex.def Info: C:/Users/Adrien Dubois/Desktop/TIPE/2-Code/images//gra
ph_tri_equal.png  used on input line 313.
(luatex.def)             Requested size: 68.28644pt x 68.28566pt.
<C:/Users/Adrien Dubois/Desktop/TIPE/2-Code/images//cmg.png, id=212, 257.2812pt
 x 257.2812pt>
File: C:/Users/Adrien Dubois/Desktop/TIPE/2-Code/images//cmg.png Graphic file (
type png)
<use C:/Users/Adrien Dubois/Desktop/TIPE/2-Code/images//cmg.png>
Package luatex.def Info: C:/Users/Adrien Dubois/Desktop/TIPE/2-Code/images//cmg
.png  used on input line 319.
(luatex.def)             Requested size: 68.28644pt x 68.28519pt.

Underfull \hbox (badness 10000) in paragraph at lines 326--328

 []

<C:/Users/Adrien Dubois/Desktop/TIPE/2-Code/images//protein_cov.png, id=213, 13
12.905pt x 1312.905pt>
File: C:/Users/Adrien Dubois/Desktop/TIPE/2-Code/images//protein_cov.png Graphi
c file (type png)
<use C:/Users/Adrien Dubois/Desktop/TIPE/2-Code/images//protein_cov.png>
Package luatex.def Info: C:/Users/Adrien Dubois/Desktop/TIPE/2-Code/images//pro
tein_cov.png  used on input line 333.
(luatex.def)             Requested size: 142.26378pt x 142.2564pt.
<C:/Users/Adrien Dubois/Desktop/TIPE/2-Code/images//protein_cov_translatee.png,
 id=214, 1346.02875pt x 1346.02875pt>
File: C:/Users/Adrien Dubois/Desktop/TIPE/2-Code/images//protein_cov_translatee
.png Graphic file (type png)
<use C:/Users/Adrien Dubois/Desktop/TIPE/2-Code/images//protein_cov_translatee.
png>
Package luatex.def Info: C:/Users/Adrien Dubois/Desktop/TIPE/2-Code/images//pro
tein_cov_translatee.png  used on input line 339.
(luatex.def)             Requested size: 142.26378pt x 142.25116pt.
[6<C:/Users/Adrien Dubois/Desktop/TIPE/2-Code/images//graph_tri_equal.png><C:/Us
ers/Adrien Dubois/Desktop/TIPE/2-Code/images//cmg.png><C:/Users/Adrien Dubois/De
sktop/TIPE/2-Code/images//protein_cov.png><C:/Users/Adrien Dubois/Desktop/TIPE/2
-Code/images//protein_cov_translatee.png>]
Underfull \hbox (badness 10000) in paragraph at lines 362--364

 []


Underfull \hbox (badness 10000) in paragraph at lines 381--383

 []

<C:/Users/Adrien Dubois/Desktop/TIPE/2-Code/images//comp_sub_loin.png, id=231, 
792.71156pt x 791.95876pt>
File: C:/Users/Adrien Dubois/Desktop/TIPE/2-Code/images//comp_sub_loin.png Grap
hic file (type png)
<use C:/Users/Adrien Dubois/Desktop/TIPE/2-Code/images//comp_sub_loin.png>
Package luatex.def Info: C:/Users/Adrien Dubois/Desktop/TIPE/2-Code/images//com
p_sub_loin.png  used on input line 392.
(luatex.def)             Requested size: 113.81102pt x 113.70119pt.
<C:/Users/Adrien Dubois/Desktop/TIPE/2-Code/images//comp_sub_proche.png, id=232
, 934.24031pt x 934.24031pt>
File: C:/Users/Adrien Dubois/Desktop/TIPE/2-Code/images//comp_sub_proche.png Gr
aphic file (type png)
<use C:/Users/Adrien Dubois/Desktop/TIPE/2-Code/images//comp_sub_proche.png>
Package luatex.def Info: C:/Users/Adrien Dubois/Desktop/TIPE/2-Code/images//com
p_sub_proche.png  used on input line 397.
(luatex.def)             Requested size: 113.81102pt x 113.80038pt.
[7<C:/Users/Adrien Dubois/Desktop/TIPE/2-Code/images//comp_sub_loin.png><C:/User
s/Adrien Dubois/Desktop/TIPE/2-Code/images//comp_sub_proche.png>]
The property list \polyglossia@langsetup contains the pairs (without outer
braces):
>  {latex/script}  =>  {latin}
>  {latex/lcscript}  =>  {latin}
>  {latex/scripttag}  =>  {}
>  {latex/language}  =>  {Latex}
>  {latex/langtag}  =>  {ENG}
>  {latex/bcp47}  =>  {}
>  {latex/hyphennames}  =>  {english}
>  {latex/direction}  =>  {LR}
>  {latex/hyphenmins}  =>  {2,3}
>  {latex/frenchspacing}  =>  {false}
>  {latex/indentfirst}  =>  {false}
>  {latex/fontsetup}  =>  {true}
>  {latex/envname}  =>  {latex}
>  {latex/babelname}  =>  {latex}
>  {latex/localnumeral}  =>  {polyglossia@C@localnumeral}
>  {latex/Localnumeral}  =>  {polyglossia@C@localnumeral}
>  {french/script}  =>  {Latin}
>  {french/lcscript}  =>  {latin}
>  {french/scripttag}  =>  {}
>  {french/language}  =>  {French}
>  {french/langtag}  =>  {FRA}
>  {french/bcp47}  =>  {fr-FR}
>  {french/hyphennames}  =>  {french,francais}
>  {french/direction}  =>  {LR}
>  {french/hyphenmins}  =>  {2,2}
>  {french/frenchspacing}  =>  {true}
>  {french/indentfirst}  =>  {true}
>  {french/fontsetup}  =>  {true}
>  {french/envname}  =>  {french}
>  {french/babelname}  =>  {french}
>  {french/localnumeral}  =>  {polyglossia@C@localnumeral}
>  {french/Localnumeral}  =>  {polyglossia@C@localnumeral}.


Package caption Warning: Unused \captionsetup[sub] on input line 16.
See the caption package documentation for explanation.

[8] (./rapport.aux
LaTeX Info: Redefining \rmfamily on input line 24.
LaTeX Info: Redefining \sffamily on input line 24.
LaTeX Info: Redefining \ttfamily on input line 24.
)
Package rerunfilecheck Info: File `rapport.out' has not changed.
(rerunfilecheck)             Checksum: F0B8565AB5FEDBF337038E31E6CD96BC;5412.
)

Here is how much of LuaTeX's memory you used:
 18003 strings out of 477785
 125038,794899 words of node,token memory allocated
 1107 words of node memory still in use:
   8 hlist, 2 vlist, 2 rule, 37 glue, 5 kern, 1 penalty, 1 glyph, 111 attribute,
 60 glue_spec, 57 attribute_list, 1 write nodes
   avail lists: 1:1,2:1439,3:467,4:307,5:460,6:117,7:6018,8:101,9:842,10:11,11:4
03
 37860 multiletter control sequences out of 65536+600000
 66 fonts using 4674871 bytes
 83i,21n,128p,578b,542s stack positions out of 10000i,1000n,20000p,200000b,80000s

warning  (pdf backend): unreferenced destination with name 'Hfootnote.1'
<//?/c:/users/adrien dubois/appdata/local/programs/miktex/fonts/opentype/public/
lm/lmroman7-regular.otf><//?/c:/users/adrien dubois/appdata/local/programs/mikte
x/fonts/opentype/public/lm/lmromancaps10-regular.otf><//?/c:/users/adrien dubois
/appdata/local/programs/miktex/fonts/opentype/public/lm/lmroman10-italic.otf><//
?/c:/users/adrien dubois/appdata/local/programs/miktex/fonts/opentype/public/lm/
lmroman10-regular.otf><//?/c:/users/adrien dubois/appdata/local/programs/miktex/
fonts/opentype/public/lm/lmroman10-bold.otf><//?/c:/users/adrien dubois/appdata/
local/programs/miktex/fonts/opentype/public/lm/lmroman12-bold.otf><//?/c:/users/
adrien dubois/appdata/local/programs/miktex/fonts/opentype/public/lm/lmroman12-r
egular.otf><//?/c:/users/adrien dubois/appdata/local/programs/miktex/fonts/opent
ype/public/lm/lmroman17-regular.otf><C:/Users/Adrien Dubois/AppData/Local/Progra
ms/MiKTeX/fonts/type1/public/amsfonts/cm/cmex10.pfb><C:/Users/Adrien Dubois/AppD
ata/Local/Programs/MiKTeX/fonts/type1/public/amsfonts/cm/cmmi10.pfb><C:/Users/Ad
rien Dubois/AppData/Local/Programs/MiKTeX/fonts/type1/public/amsfonts/cm/cmmi5.p
fb><C:/Users/Adrien Dubois/AppData/Local/Programs/MiKTeX/fonts/type1/public/amsf
onts/cm/cmmi7.pfb><C:/Users/Adrien Dubois/AppData/Local/Programs/MiKTeX/fonts/ty
pe1/public/amsfonts/cm/cmr10.pfb><C:/Users/Adrien Dubois/AppData/Local/Programs/
MiKTeX/fonts/type1/public/amsfonts/cm/cmr5.pfb><C:/Users/Adrien Dubois/AppData/L
ocal/Programs/MiKTeX/fonts/type1/public/amsfonts/cm/cmr7.pfb><C:/Users/Adrien Du
bois/AppData/Local/Programs/MiKTeX/fonts/type1/public/amsfonts/cm/cmsy10.pfb><C:
/Users/Adrien Dubois/AppData/Local/Programs/MiKTeX/fonts/type1/public/amsfonts/c
m/cmsy5.pfb><C:/Users/Adrien Dubois/AppData/Local/Programs/MiKTeX/fonts/type1/pu
blic/amsfonts/cm/cmsy7.pfb><C:/Users/Adrien Dubois/AppData/Local/Programs/MiKTeX
/fonts/type1/public/doublestroke/dsrom10.pfb><C:/Users/Adrien Dubois/AppData/Loc
al/Programs/MiKTeX/fonts/type1/public/amsfonts/symbols/msbm10.pfb>
Output written on rapport.pdf (8 pages, 1970103 bytes).

PDF statistics: 335 PDF objects out of 1000 (max. 8388607)
 57 named destinations out of 1000 (max. 131072)
 193 words of extra memory for PDF output out of 10000 (max. 100000000)

